-------------------------------------------------------------------------------
Test set: co.edu.uniquindio.observer.model.oldModel.EstacionClimaSinObserverTest$InvariantesBasicosTest
-------------------------------------------------------------------------------
Tests run: 2, Failures: 0, Errors: 2, Skipped: 0, Time elapsed: 0.025 s <<< FAILURE! - in co.edu.uniquindio.observer.model.oldModel.EstacionClimaSinObserverTest$InvariantesBasicosTest
co.edu.uniquindio.observer.model.oldModel.EstacionClimaSinObserverTest$InvariantesBasicosTest.temperaturaInicial  Time elapsed: 0.001 s  <<< ERROR!
java.lang.reflect.InaccessibleObjectException: Unable to make co.edu.uniquindio.observer.model.oldModel.EstacionClimaSinObserverTest$InvariantesBasicosTest(co.edu.uniquindio.observer.model.oldModel.EstacionClimaSinObserverTest) accessible: module co.edu.uniquindio.observer does not "opens co.edu.uniquindio.observer.model.oldModel" to unnamed module @57a3af25

co.edu.uniquindio.observer.model.oldModel.EstacionClimaSinObserverTest$InvariantesBasicosTest.ciudadInmutable  Time elapsed: 0 s  <<< ERROR!
java.lang.reflect.InaccessibleObjectException: Unable to make co.edu.uniquindio.observer.model.oldModel.EstacionClimaSinObserverTest$InvariantesBasicosTest(co.edu.uniquindio.observer.model.oldModel.EstacionClimaSinObserverTest) accessible: module co.edu.uniquindio.observer does not "opens co.edu.uniquindio.observer.model.oldModel" to unnamed module @57a3af25

