-------------------------------------------------------------------------------
Test set: co.edu.uniquindio.observer.model.oldModel.EstacionClimaSinObserverTest$LimitacionesSinObserverTest
-------------------------------------------------------------------------------
Tests run: 2, Failures: 0, Errors: 2, Skipped: 0, Time elapsed: 0.013 s <<< FAILURE! - in co.edu.uniquindio.observer.model.oldModel.EstacionClimaSinObserverTest$LimitacionesSinObserverTest
co.edu.uniquindio.observer.model.oldModel.EstacionClimaSinObserverTest$LimitacionesSinObserverTest.noPuedeAgregarPantallas  Time elapsed: 0.001 s  <<< ERROR!
java.lang.reflect.InaccessibleObjectException: Unable to make co.edu.uniquindio.observer.model.oldModel.EstacionClimaSinObserverTest$LimitacionesSinObserverTest(co.edu.uniquindio.observer.model.oldModel.EstacionClimaSinObserverTest) accessible: module co.edu.uniquindio.observer does not "opens co.edu.uniquindio.observer.model.oldModel" to unnamed module @57a3af25

co.edu.uniquindio.observer.model.oldModel.EstacionClimaSinObserverTest$LimitacionesSinObserverTest.permitePantallasNulas  Time elapsed: 0.001 s  <<< ERROR!
java.lang.reflect.InaccessibleObjectException: Unable to make co.edu.uniquindio.observer.model.oldModel.EstacionClimaSinObserverTest$LimitacionesSinObserverTest(co.edu.uniquindio.observer.model.oldModel.EstacionClimaSinObserverTest) accessible: module co.edu.uniquindio.observer does not "opens co.edu.uniquindio.observer.model.oldModel" to unnamed module @57a3af25

