-------------------------------------------------------------------------------
Test set: co.edu.uniquindio.observer.model.EstacionClimaTest$InvariantesTest
-------------------------------------------------------------------------------
Tests run: 2, Failures: 0, Errors: 2, Skipped: 0, Time elapsed: 0.013 s <<< FAILURE! - in co.edu.uniquindio.observer.model.EstacionClimaTest$InvariantesTest
co.edu.uniquindio.observer.model.EstacionClimaTest$InvariantesTest.temperaturaInicial  Time elapsed: 0.001 s  <<< ERROR!
java.lang.reflect.InaccessibleObjectException: Unable to make co.edu.uniquindio.observer.model.EstacionClimaTest$InvariantesTest(co.edu.uniquindio.observer.model.EstacionClimaTest) accessible: module co.edu.uniquindio.observer does not "opens co.edu.uniquindio.observer.model" to unnamed module @57a3af25

co.edu.uniquindio.observer.model.EstacionClimaTest$InvariantesTest.ciudadInmutable  Time elapsed: 0 s  <<< ERROR!
java.lang.reflect.InaccessibleObjectException: Unable to make co.edu.uniquindio.observer.model.EstacionClimaTest$InvariantesTest(co.edu.uniquindio.observer.model.EstacionClimaTest) accessible: module co.edu.uniquindio.observer does not "opens co.edu.uniquindio.observer.model" to unnamed module @57a3af25

